0 info it worked if it ends with ok
1 verbose cli [ '/Users/danielwatson/.nvm/versions/node/v6.0.0/bin/node',
1 verbose cli   '/Users/danielwatson/.nvm/versions/node/v6.0.0/bin/npm',
1 verbose cli   'install',
1 verbose cli   'node-sass@npm:sass' ]
2 info using npm@3.8.6
3 info using node@v6.0.0
4 silly loadCurrentTree Starting
5 silly install loadCurrentTree
6 silly install readLocalPackageData
7 silly fetchPackageMetaData node-sass@npm:sass
8 silly fetchPackageMetaData Error: Unsupported URL Type: npm:sass
8 silly fetchPackageMetaData     at parseUrl (/Users/danielwatson/.nvm/versions/node/v6.0.0/lib/node_modules/npm/node_modules/npm-package-arg/npa.js:169:13)
8 silly fetchPackageMetaData     at npa (/Users/danielwatson/.nvm/versions/node/v6.0.0/lib/node_modules/npm/node_modules/npm-package-arg/npa.js:75:12)
8 silly fetchPackageMetaData     at module.exports (/Users/danielwatson/.nvm/versions/node/v6.0.0/lib/node_modules/npm/node_modules/realize-package-specifier/index.js:12:15)
8 silly fetchPackageMetaData     at fetchPackageMetadata (/Users/danielwatson/.nvm/versions/node/v6.0.0/lib/node_modules/npm/lib/fetch-package-metadata.js:54:12)
8 silly fetchPackageMetaData     at /Users/danielwatson/.nvm/versions/node/v6.0.0/lib/node_modules/npm/lib/install/deps.js:181:5
8 silly fetchPackageMetaData     at /Users/danielwatson/.nvm/versions/node/v6.0.0/lib/node_modules/npm/node_modules/slide/lib/async-map.js:52:35
8 silly fetchPackageMetaData     at Array.forEach (native)
8 silly fetchPackageMetaData     at /Users/danielwatson/.nvm/versions/node/v6.0.0/lib/node_modules/npm/node_modules/slide/lib/async-map.js:52:11
8 silly fetchPackageMetaData     at Array.forEach (native)
8 silly fetchPackageMetaData     at asyncMap (/Users/danielwatson/.nvm/versions/node/v6.0.0/lib/node_modules/npm/node_modules/slide/lib/async-map.js:51:8)
8 silly fetchPackageMetaData  error for node-sass@npm:sass Error: Unsupported URL Type: npm:sass
8 silly fetchPackageMetaData     at parseUrl (/Users/danielwatson/.nvm/versions/node/v6.0.0/lib/node_modules/npm/node_modules/npm-package-arg/npa.js:169:13)
8 silly fetchPackageMetaData     at npa (/Users/danielwatson/.nvm/versions/node/v6.0.0/lib/node_modules/npm/node_modules/npm-package-arg/npa.js:75:12)
8 silly fetchPackageMetaData     at module.exports (/Users/danielwatson/.nvm/versions/node/v6.0.0/lib/node_modules/npm/node_modules/realize-package-specifier/index.js:12:15)
8 silly fetchPackageMetaData     at fetchPackageMetadata (/Users/danielwatson/.nvm/versions/node/v6.0.0/lib/node_modules/npm/lib/fetch-package-metadata.js:54:12)
8 silly fetchPackageMetaData     at /Users/danielwatson/.nvm/versions/node/v6.0.0/lib/node_modules/npm/lib/install/deps.js:181:5
8 silly fetchPackageMetaData     at /Users/danielwatson/.nvm/versions/node/v6.0.0/lib/node_modules/npm/node_modules/slide/lib/async-map.js:52:35
8 silly fetchPackageMetaData     at Array.forEach (native)
8 silly fetchPackageMetaData     at /Users/danielwatson/.nvm/versions/node/v6.0.0/lib/node_modules/npm/node_modules/slide/lib/async-map.js:52:11
8 silly fetchPackageMetaData     at Array.forEach (native)
8 silly fetchPackageMetaData     at asyncMap (/Users/danielwatson/.nvm/versions/node/v6.0.0/lib/node_modules/npm/node_modules/slide/lib/async-map.js:51:8)
9 silly rollbackFailedOptional Starting
10 silly rollbackFailedOptional Finishing
11 silly runTopLevelLifecycles Starting
12 silly runTopLevelLifecycles Finishing
13 silly install printInstalled
14 verbose stack Error: Unsupported URL Type: npm:sass
14 verbose stack     at parseUrl (/Users/danielwatson/.nvm/versions/node/v6.0.0/lib/node_modules/npm/node_modules/npm-package-arg/npa.js:169:13)
14 verbose stack     at npa (/Users/danielwatson/.nvm/versions/node/v6.0.0/lib/node_modules/npm/node_modules/npm-package-arg/npa.js:75:12)
14 verbose stack     at module.exports (/Users/danielwatson/.nvm/versions/node/v6.0.0/lib/node_modules/npm/node_modules/realize-package-specifier/index.js:12:15)
14 verbose stack     at fetchPackageMetadata (/Users/danielwatson/.nvm/versions/node/v6.0.0/lib/node_modules/npm/lib/fetch-package-metadata.js:54:12)
14 verbose stack     at /Users/danielwatson/.nvm/versions/node/v6.0.0/lib/node_modules/npm/lib/install/deps.js:181:5
14 verbose stack     at /Users/danielwatson/.nvm/versions/node/v6.0.0/lib/node_modules/npm/node_modules/slide/lib/async-map.js:52:35
14 verbose stack     at Array.forEach (native)
14 verbose stack     at /Users/danielwatson/.nvm/versions/node/v6.0.0/lib/node_modules/npm/node_modules/slide/lib/async-map.js:52:11
14 verbose stack     at Array.forEach (native)
14 verbose stack     at asyncMap (/Users/danielwatson/.nvm/versions/node/v6.0.0/lib/node_modules/npm/node_modules/slide/lib/async-map.js:51:8)
15 verbose cwd /Users/danielwatson/Documents/Web Development/Projects/dunder_mifflin_employee_portal
16 error Darwin 22.5.0
17 error argv "/Users/danielwatson/.nvm/versions/node/v6.0.0/bin/node" "/Users/danielwatson/.nvm/versions/node/v6.0.0/bin/npm" "install" "node-sass@npm:sass"
18 error node v6.0.0
19 error npm  v3.8.6
20 error Unsupported URL Type: npm:sass
21 error If you need help, you may report this error at:
21 error     <https://github.com/npm/npm/issues>
22 verbose exit [ 1, true ]
